<?xml version="1.0" encoding="UTF-8"?>
<!-- Generated by org.testng.reporters.JUnitReportReporter -->
<testsuite skipped="0" hostname="LAPTOP-BFUTEFC0" name="com.ecommerce.testcases.TC_CustmrSrchByEmail_004" tests="1" failures="0" timestamp="03 Dec 2020 00:39:42 GMT" time="30.719" errors="0">
  <testcase name="SrchCustmrByEmail" time="30.719" classname="com.ecommerce.testcases.TC_CustmrSrchByEmail_004"/>
</testsuite> <!-- com.ecommerce.testcases.TC_CustmrSrchByEmail_004 -->
