<?xml version="1.0" encoding="UTF-8"?>
<!-- Generated by org.testng.reporters.JUnitReportReporter -->
<testsuite skipped="0" hostname="LAPTOP-BFUTEFC0" name="com.ecommerce.testcases.TC_SrchCustByName_005" tests="1" failures="0" timestamp="03 Dec 2020 00:39:42 GMT" time="44.725" errors="0">
  <testcase name="srchcustomerbyname" time="44.725" classname="com.ecommerce.testcases.TC_SrchCustByName_005"/>
</testsuite> <!-- com.ecommerce.testcases.TC_SrchCustByName_005 -->
