<?xml version="1.0" encoding="UTF-8"?>
<!-- Generated by org.testng.reporters.JUnitReportReporter -->
<testsuite skipped="0" hostname="LAPTOP-BFUTEFC0" name="com.ecommerce.testcases.TC_AdnwCust_003" tests="1" failures="0" timestamp="05 Dec 2020 18:36:37 GMT" time="36.838" errors="0">
  <testcase name="addnewCust" time="36.838" classname="com.ecommerce.testcases.TC_AdnwCust_003"/>
</testsuite> <!-- com.ecommerce.testcases.TC_AdnwCust_003 -->
