<?xml version="1.0" encoding="UTF-8"?>
<!-- Generated by org.testng.reporters.JUnitReportReporter -->
<testsuite skipped="0" hostname="LAPTOP-BFUTEFC0" name="com.ecommerce.testcases.TC_Logintest_001" tests="1" failures="0" timestamp="05 Dec 2020 18:36:37 GMT" time="10.191" errors="0">
  <testcase name="logintest" time="10.191" classname="com.ecommerce.testcases.TC_Logintest_001"/>
</testsuite> <!-- com.ecommerce.testcases.TC_Logintest_001 -->
